2019-10-22 00:29:10 [restartedMain] INFO  c.c.B.BrsSpringRestApplication - Starting BrsSpringRestApplication on LAPTOP-8RIKAS67 with PID 9244 (C:\Users\USER\git\brs-spring\BRSSpringRestWithoutJWT\target\classes started by USER in C:\Users\USER\git\brs-spring\BRSSpringRestWithoutJWT)
2019-10-22 00:29:10 [restartedMain] DEBUG c.c.B.BrsSpringRestApplication - Running with Spring Boot v2.1.9.RELEASE, Spring v5.1.10.RELEASE
2019-10-22 00:29:10 [restartedMain] INFO  c.c.B.BrsSpringRestApplication - No active profile set, falling back to default profiles: default
2019-10-22 00:29:10 [restartedMain] INFO  o.s.b.d.e.DevToolsPropertyDefaultsPostProcessor - Devtools property defaults active! Set 'spring.devtools.add-properties' to 'false' to disable
2019-10-22 00:29:10 [restartedMain] INFO  o.s.b.d.e.DevToolsPropertyDefaultsPostProcessor - For additional web related logging consider setting the 'logging.level.web' property to 'DEBUG'
2019-10-22 00:29:11 [restartedMain] INFO  o.s.d.r.c.RepositoryConfigurationDelegate - Bootstrapping Spring Data repositories in DEFAULT mode.
2019-10-22 00:29:11 [restartedMain] INFO  o.s.d.r.c.RepositoryConfigurationDelegate - Finished Spring Data repository scanning in 128ms. Found 4 repository interfaces.
2019-10-22 00:29:12 [restartedMain] INFO  o.s.c.s.PostProcessorRegistrationDelegate$BeanPostProcessorChecker - Bean 'org.springframework.transaction.annotation.ProxyTransactionManagementConfiguration' of type [org.springframework.transaction.annotation.ProxyTransactionManagementConfiguration$$EnhancerBySpringCGLIB$$5939cde8] is not eligible for getting processed by all BeanPostProcessors (for example: not eligible for auto-proxying)
2019-10-22 00:29:12 [restartedMain] INFO  o.s.b.w.e.tomcat.TomcatWebServer - Tomcat initialized with port(s): 9085 (http)
2019-10-22 00:29:12 [restartedMain] INFO  o.a.catalina.core.StandardService - Starting service [Tomcat]
2019-10-22 00:29:12 [restartedMain] INFO  o.a.catalina.core.StandardEngine - Starting Servlet engine: [Apache Tomcat/9.0.26]
2019-10-22 00:29:12 [restartedMain] INFO  o.a.c.c.C.[Tomcat].[localhost].[/] - Initializing Spring embedded WebApplicationContext
2019-10-22 00:29:13 [restartedMain] INFO  com.zaxxer.hikari.HikariDataSource - HikariPool-1 - Starting...
2019-10-22 00:29:13 [restartedMain] INFO  com.zaxxer.hikari.HikariDataSource - HikariPool-1 - Start completed.
2019-10-22 00:29:13 [restartedMain] INFO  o.h.jpa.internal.util.LogHelper - HHH000204: Processing PersistenceUnitInfo [
	name: default
	...]
2019-10-22 00:29:14 [restartedMain] INFO  org.hibernate.Version - HHH000412: Hibernate Core {5.3.12.Final}
2019-10-22 00:29:14 [restartedMain] INFO  org.hibernate.cfg.Environment - HHH000206: hibernate.properties not found
2019-10-22 00:29:14 [restartedMain] INFO  o.h.annotations.common.Version - HCANN000001: Hibernate Commons Annotations {5.0.4.Final}
2019-10-22 00:29:14 [restartedMain] INFO  org.hibernate.dialect.Dialect - HHH000400: Using dialect: org.hibernate.dialect.MySQL5Dialect
2019-10-22 00:29:16 [restartedMain] INFO  o.s.o.j.LocalContainerEntityManagerFactoryBean - Initialized JPA EntityManagerFactory for persistence unit 'default'
2019-10-22 00:29:16 [restartedMain] INFO  o.s.b.d.a.OptionalLiveReloadServer - LiveReload server is running on port 35729
2019-10-22 00:29:17 [restartedMain] INFO  o.h.h.i.QueryTranslatorFactoryInitiator - HHH000397: Using ASTQueryTranslatorFactory
2019-10-22 00:29:17 [restartedMain] INFO  o.s.s.c.ThreadPoolTaskExecutor - Initializing ExecutorService 'applicationTaskExecutor'
2019-10-22 00:29:17 [restartedMain] WARN  o.s.b.a.o.j.JpaBaseConfiguration$JpaWebConfiguration$JpaWebMvcConfiguration - spring.jpa.open-in-view is enabled by default. Therefore, database queries may be performed during view rendering. Explicitly configure spring.jpa.open-in-view to disable this warning
2019-10-22 00:29:17 [restartedMain] INFO  o.s.b.w.e.tomcat.TomcatWebServer - Tomcat started on port(s): 9085 (http) with context path ''
2019-10-22 00:29:17 [restartedMain] INFO  c.c.B.BrsSpringRestApplication - Started BrsSpringRestApplication in 8.455 seconds (JVM running for 15.721)
2019-10-22 00:39:44 [http-nio-9085-exec-2] INFO  o.a.c.c.C.[Tomcat].[localhost].[/] - Initializing Spring DispatcherServlet 'dispatcherServlet'
2019-10-22 00:39:44 [http-nio-9085-exec-2] INFO  c.c.B.controller.BRSRestController - Viewing the List of Buses
2019-10-22 00:51:53 [http-nio-9085-exec-6] INFO  c.c.B.controller.BRSRestController - Viewing the List of Buses
2019-10-22 00:55:03 [http-nio-9085-exec-10] INFO  c.c.B.controller.BRSRestController - Viewing the List of Buses
2019-10-22 00:55:39 [http-nio-9085-exec-1] INFO  c.c.B.controller.BRSRestController - Viewing the List of Buses
