2019-10-12 06:48:06 [HikariPool-8 housekeeper] WARN  com.zaxxer.hikari.pool.HikariPool - HikariPool-8 - Thread starvation or clock leap detected (housekeeper delta=7h19m24s135ms804µs53ns).
2019-10-12 07:08:05 [RMI TCP Connection(161)-127.0.0.1] INFO  o.s.b.a.SpringApplicationAdminMXBeanRegistrar$SpringApplicationAdmin - Application shutdown requested.
2019-10-12 07:08:05 [RMI TCP Connection(161)-127.0.0.1] INFO  o.s.s.c.ThreadPoolTaskExecutor - Shutting down ExecutorService 'applicationTaskExecutor'
2019-10-12 07:08:05 [RMI TCP Connection(161)-127.0.0.1] INFO  o.s.o.j.LocalContainerEntityManagerFactoryBean - Closing JPA EntityManagerFactory for persistence unit 'default'
2019-10-12 07:08:05 [RMI TCP Connection(161)-127.0.0.1] INFO  com.zaxxer.hikari.HikariDataSource - HikariPool-8 - Shutdown initiated...
2019-10-12 07:08:05 [RMI TCP Connection(161)-127.0.0.1] INFO  com.zaxxer.hikari.HikariDataSource - HikariPool-8 - Shutdown completed.
2019-10-12 07:21:32 [restartedMain] INFO  c.c.B.BrsSpringBootMvcApplication - Starting BrsSpringBootMvcApplication on DESKTOP-DUCIEJ6 with PID 22352 (C:\Users\HARI\git\brs-spring\BRSSpringBootMVC\target\classes started by HARIBABU in C:\Users\HARI\git\brs-spring\BRSSpringBootMVC)
2019-10-12 07:21:32 [restartedMain] DEBUG c.c.B.BrsSpringBootMvcApplication - Running with Spring Boot v2.1.9.RELEASE, Spring v5.1.10.RELEASE
2019-10-12 07:21:32 [restartedMain] INFO  c.c.B.BrsSpringBootMvcApplication - No active profile set, falling back to default profiles: default
2019-10-12 07:21:32 [restartedMain] INFO  o.s.b.d.e.DevToolsPropertyDefaultsPostProcessor - Devtools property defaults active! Set 'spring.devtools.add-properties' to 'false' to disable
2019-10-12 07:21:32 [restartedMain] INFO  o.s.b.d.e.DevToolsPropertyDefaultsPostProcessor - For additional web related logging consider setting the 'logging.level.web' property to 'DEBUG'
2019-10-12 07:21:33 [restartedMain] INFO  o.s.d.r.c.RepositoryConfigurationDelegate - Bootstrapping Spring Data repositories in DEFAULT mode.
2019-10-12 07:21:33 [restartedMain] INFO  o.s.d.r.c.RepositoryConfigurationDelegate - Finished Spring Data repository scanning in 124ms. Found 4 repository interfaces.
2019-10-12 07:21:34 [restartedMain] INFO  o.s.c.s.PostProcessorRegistrationDelegate$BeanPostProcessorChecker - Bean 'org.springframework.transaction.annotation.ProxyTransactionManagementConfiguration' of type [org.springframework.transaction.annotation.ProxyTransactionManagementConfiguration$$EnhancerBySpringCGLIB$$ab35ea4d] is not eligible for getting processed by all BeanPostProcessors (for example: not eligible for auto-proxying)
2019-10-12 07:21:35 [restartedMain] INFO  o.s.b.w.e.tomcat.TomcatWebServer - Tomcat initialized with port(s): 9081 (http)
2019-10-12 07:21:35 [restartedMain] INFO  o.a.catalina.core.StandardService - Starting service [Tomcat]
2019-10-12 07:21:35 [restartedMain] INFO  o.a.catalina.core.StandardEngine - Starting Servlet engine: [Apache Tomcat/9.0.26]
2019-10-12 07:21:35 [restartedMain] INFO  org.apache.jasper.servlet.TldScanner - At least one JAR was scanned for TLDs yet contained no TLDs. Enable debug logging for this logger for a complete list of JARs that were scanned but no TLDs were found in them. Skipping unneeded JARs during scanning can improve startup time and JSP compilation time.
2019-10-12 07:21:35 [restartedMain] INFO  o.a.c.c.C.[Tomcat].[localhost].[/] - Initializing Spring embedded WebApplicationContext
2019-10-12 07:21:36 [restartedMain] INFO  com.zaxxer.hikari.HikariDataSource - HikariPool-1 - Starting...
2019-10-12 07:21:36 [restartedMain] INFO  com.zaxxer.hikari.HikariDataSource - HikariPool-1 - Start completed.
2019-10-12 07:21:36 [restartedMain] INFO  o.h.jpa.internal.util.LogHelper - HHH000204: Processing PersistenceUnitInfo [
	name: default
	...]
2019-10-12 07:21:36 [restartedMain] INFO  org.hibernate.Version - HHH000412: Hibernate Core {5.3.12.Final}
2019-10-12 07:21:36 [restartedMain] INFO  org.hibernate.cfg.Environment - HHH000206: hibernate.properties not found
2019-10-12 07:21:37 [restartedMain] INFO  o.h.annotations.common.Version - HCANN000001: Hibernate Commons Annotations {5.0.4.Final}
2019-10-12 07:21:37 [restartedMain] INFO  org.hibernate.dialect.Dialect - HHH000400: Using dialect: org.hibernate.dialect.MySQL5Dialect
2019-10-12 07:21:39 [restartedMain] INFO  o.s.o.j.LocalContainerEntityManagerFactoryBean - Initialized JPA EntityManagerFactory for persistence unit 'default'
2019-10-12 07:21:39 [restartedMain] INFO  o.s.b.d.a.OptionalLiveReloadServer - LiveReload server is running on port 35729
2019-10-12 07:21:41 [restartedMain] INFO  o.h.h.i.QueryTranslatorFactoryInitiator - HHH000397: Using ASTQueryTranslatorFactory
2019-10-12 07:21:41 [RMI TCP Connection(2)-127.0.0.1] INFO  o.s.b.a.SpringApplicationAdminMXBeanRegistrar$SpringApplicationAdmin - Application shutdown requested.
2019-10-12 07:21:42 [restartedMain] INFO  o.s.s.web.DefaultSecurityFilterChain - Creating filter chain: any request, [org.springframework.security.web.context.request.async.WebAsyncManagerIntegrationFilter@3221bd0d, org.springframework.security.web.context.SecurityContextPersistenceFilter@32031da7, org.springframework.security.web.header.HeaderWriterFilter@e18cb4, org.springframework.security.web.authentication.logout.LogoutFilter@25782266, org.springframework.security.web.authentication.UsernamePasswordAuthenticationFilter@11b7a965, org.springframework.security.web.savedrequest.RequestCacheAwareFilter@1db0f250, org.springframework.security.web.servletapi.SecurityContextHolderAwareRequestFilter@1e7b1fa9, org.springframework.security.web.authentication.AnonymousAuthenticationFilter@44c5b295, org.springframework.security.web.session.SessionManagementFilter@6d5cd176, org.springframework.security.web.access.ExceptionTranslationFilter@7c2e78b2, org.springframework.security.web.access.intercept.FilterSecurityInterceptor@697e27ba]
2019-10-12 07:21:42 [restartedMain] INFO  o.s.s.c.ThreadPoolTaskExecutor - Initializing ExecutorService 'applicationTaskExecutor'
2019-10-12 07:21:42 [restartedMain] WARN  o.s.b.a.o.j.JpaBaseConfiguration$JpaWebConfiguration$JpaWebMvcConfiguration - spring.jpa.open-in-view is enabled by default. Therefore, database queries may be performed during view rendering. Explicitly configure spring.jpa.open-in-view to disable this warning
2019-10-12 07:21:43 [restartedMain] INFO  o.s.b.w.e.tomcat.TomcatWebServer - Tomcat started on port(s): 9081 (http) with context path ''
2019-10-12 07:21:43 [restartedMain] INFO  c.c.B.BrsSpringBootMvcApplication - Started BrsSpringBootMvcApplication in 11.982 seconds (JVM running for 13.837)
2019-10-12 07:21:43 [RMI TCP Connection(2)-127.0.0.1] INFO  o.s.s.c.ThreadPoolTaskExecutor - Shutting down ExecutorService 'applicationTaskExecutor'
2019-10-12 07:21:43 [RMI TCP Connection(2)-127.0.0.1] INFO  o.s.o.j.LocalContainerEntityManagerFactoryBean - Closing JPA EntityManagerFactory for persistence unit 'default'
2019-10-12 07:21:43 [restartedMain] DEBUG c.c.B.BrsSpringBootMvcApplication - Hello SpringBoot
2019-10-12 07:21:43 [RMI TCP Connection(2)-127.0.0.1] INFO  com.zaxxer.hikari.HikariDataSource - HikariPool-1 - Shutdown initiated...
2019-10-12 07:21:43 [RMI TCP Connection(2)-127.0.0.1] INFO  com.zaxxer.hikari.HikariDataSource - HikariPool-1 - Shutdown completed.
2019-10-12 07:27:32 [restartedMain] INFO  c.c.B.BrsSpringBootMvcApplication - Starting BrsSpringBootMvcApplication on DESKTOP-DUCIEJ6 with PID 8396 (C:\Users\HARI\git\brs-spring\BRSSpringBootMVC\target\classes started by HARIBABU in C:\Users\HARI\git\brs-spring\BRSSpringBootMVC)
2019-10-12 07:27:32 [restartedMain] DEBUG c.c.B.BrsSpringBootMvcApplication - Running with Spring Boot v2.1.9.RELEASE, Spring v5.1.10.RELEASE
2019-10-12 07:27:32 [restartedMain] INFO  c.c.B.BrsSpringBootMvcApplication - No active profile set, falling back to default profiles: default
2019-10-12 07:27:32 [restartedMain] INFO  o.s.b.d.e.DevToolsPropertyDefaultsPostProcessor - Devtools property defaults active! Set 'spring.devtools.add-properties' to 'false' to disable
2019-10-12 07:27:32 [restartedMain] INFO  o.s.b.d.e.DevToolsPropertyDefaultsPostProcessor - For additional web related logging consider setting the 'logging.level.web' property to 'DEBUG'
2019-10-12 07:27:33 [restartedMain] INFO  o.s.d.r.c.RepositoryConfigurationDelegate - Bootstrapping Spring Data repositories in DEFAULT mode.
2019-10-12 07:27:34 [restartedMain] INFO  o.s.d.r.c.RepositoryConfigurationDelegate - Finished Spring Data repository scanning in 140ms. Found 4 repository interfaces.
2019-10-12 07:27:35 [restartedMain] INFO  o.s.c.s.PostProcessorRegistrationDelegate$BeanPostProcessorChecker - Bean 'org.springframework.transaction.annotation.ProxyTransactionManagementConfiguration' of type [org.springframework.transaction.annotation.ProxyTransactionManagementConfiguration$$EnhancerBySpringCGLIB$$d66454c8] is not eligible for getting processed by all BeanPostProcessors (for example: not eligible for auto-proxying)
2019-10-12 07:27:35 [restartedMain] INFO  o.s.b.w.e.tomcat.TomcatWebServer - Tomcat initialized with port(s): 9081 (http)
2019-10-12 07:27:36 [restartedMain] INFO  o.a.catalina.core.StandardService - Starting service [Tomcat]
2019-10-12 07:27:36 [restartedMain] INFO  o.a.catalina.core.StandardEngine - Starting Servlet engine: [Apache Tomcat/9.0.26]
2019-10-12 07:27:36 [restartedMain] INFO  org.apache.jasper.servlet.TldScanner - At least one JAR was scanned for TLDs yet contained no TLDs. Enable debug logging for this logger for a complete list of JARs that were scanned but no TLDs were found in them. Skipping unneeded JARs during scanning can improve startup time and JSP compilation time.
2019-10-12 07:27:36 [restartedMain] INFO  o.a.c.c.C.[Tomcat].[localhost].[/] - Initializing Spring embedded WebApplicationContext
2019-10-12 07:27:37 [restartedMain] INFO  com.zaxxer.hikari.HikariDataSource - HikariPool-1 - Starting...
2019-10-12 07:27:37 [restartedMain] INFO  com.zaxxer.hikari.HikariDataSource - HikariPool-1 - Start completed.
2019-10-12 07:27:37 [restartedMain] INFO  o.h.jpa.internal.util.LogHelper - HHH000204: Processing PersistenceUnitInfo [
	name: default
	...]
2019-10-12 07:27:37 [restartedMain] INFO  org.hibernate.Version - HHH000412: Hibernate Core {5.3.12.Final}
2019-10-12 07:27:37 [restartedMain] INFO  org.hibernate.cfg.Environment - HHH000206: hibernate.properties not found
2019-10-12 07:27:38 [restartedMain] INFO  o.h.annotations.common.Version - HCANN000001: Hibernate Commons Annotations {5.0.4.Final}
2019-10-12 07:27:38 [restartedMain] INFO  org.hibernate.dialect.Dialect - HHH000400: Using dialect: org.hibernate.dialect.MySQL5Dialect
2019-10-12 07:27:40 [restartedMain] INFO  o.s.o.j.LocalContainerEntityManagerFactoryBean - Initialized JPA EntityManagerFactory for persistence unit 'default'
2019-10-12 07:27:40 [restartedMain] INFO  o.s.b.d.a.OptionalLiveReloadServer - LiveReload server is running on port 35729
2019-10-12 07:27:41 [restartedMain] INFO  o.h.h.i.QueryTranslatorFactoryInitiator - HHH000397: Using ASTQueryTranslatorFactory
2019-10-12 07:27:42 [restartedMain] INFO  o.s.s.web.DefaultSecurityFilterChain - Creating filter chain: any request, [org.springframework.security.web.context.request.async.WebAsyncManagerIntegrationFilter@1b581753, org.springframework.security.web.context.SecurityContextPersistenceFilter@2ce1b597, org.springframework.security.web.header.HeaderWriterFilter@1ddd87ff, org.springframework.security.web.authentication.logout.LogoutFilter@40c3c6a, org.springframework.security.web.authentication.UsernamePasswordAuthenticationFilter@1148d71d, org.springframework.security.web.savedrequest.RequestCacheAwareFilter@318e2629, org.springframework.security.web.servletapi.SecurityContextHolderAwareRequestFilter@5c93ec53, org.springframework.security.web.authentication.AnonymousAuthenticationFilter@4486a20d, org.springframework.security.web.session.SessionManagementFilter@1986af68, org.springframework.security.web.access.ExceptionTranslationFilter@4e2e51, org.springframework.security.web.access.intercept.FilterSecurityInterceptor@6b7200bc]
2019-10-12 07:27:42 [restartedMain] INFO  o.s.s.c.ThreadPoolTaskExecutor - Initializing ExecutorService 'applicationTaskExecutor'
2019-10-12 07:27:42 [restartedMain] WARN  o.s.b.a.o.j.JpaBaseConfiguration$JpaWebConfiguration$JpaWebMvcConfiguration - spring.jpa.open-in-view is enabled by default. Therefore, database queries may be performed during view rendering. Explicitly configure spring.jpa.open-in-view to disable this warning
2019-10-12 07:27:43 [restartedMain] INFO  o.s.b.w.e.tomcat.TomcatWebServer - Tomcat started on port(s): 9081 (http) with context path ''
2019-10-12 07:27:43 [restartedMain] INFO  c.c.B.BrsSpringBootMvcApplication - Started BrsSpringBootMvcApplication in 11.19 seconds (JVM running for 12.984)
2019-10-12 07:27:43 [restartedMain] DEBUG c.c.B.BrsSpringBootMvcApplication - Hello SpringBoot
2019-10-12 07:28:05 [http-nio-9081-exec-1] INFO  o.a.c.c.C.[Tomcat].[localhost].[/] - Initializing Spring DispatcherServlet 'dispatcherServlet'
2019-10-12 07:28:06 [http-nio-9081-exec-1] DEBUG c.c.B.controller.BRSController - In Home now
2019-10-12 07:28:09 [http-nio-9081-exec-2] DEBUG c.c.B.controller.BRSController - In Home now
2019-10-12 07:28:20 [http-nio-9081-exec-10] ERROR o.a.c.c.C.[.[.[.[dispatcherServlet] - Servlet.service() for servlet [dispatcherServlet] in context with path [] threw exception
java.lang.ClassCastException: com.cg.BrsSpringBootMVC.dto.BRSUserDetails cannot be cast to com.cg.BrsSpringBootMVC.dto.User
	at com.cg.BrsSpringBootMVC.dto.BRSUrlAuthenticationSuccessHandler.onAuthenticationSuccess(BRSUrlAuthenticationSuccessHandler.java:46)
	at org.springframework.security.web.authentication.AbstractAuthenticationProcessingFilter.successfulAuthentication(AbstractAuthenticationProcessingFilter.java:326)
	at org.springframework.security.web.authentication.AbstractAuthenticationProcessingFilter.doFilter(AbstractAuthenticationProcessingFilter.java:240)
	at org.springframework.security.web.FilterChainProxy$VirtualFilterChain.doFilter(FilterChainProxy.java:334)
	at org.springframework.security.web.authentication.logout.LogoutFilter.doFilter(LogoutFilter.java:116)
	at org.springframework.security.web.FilterChainProxy$VirtualFilterChain.doFilter(FilterChainProxy.java:334)
	at org.springframework.security.web.header.HeaderWriterFilter.doFilterInternal(HeaderWriterFilter.java:74)
	at org.springframework.web.filter.OncePerRequestFilter.doFilter(OncePerRequestFilter.java:119)
	at org.springframework.security.web.FilterChainProxy$VirtualFilterChain.doFilter(FilterChainProxy.java:334)
	at org.springframework.security.web.context.SecurityContextPersistenceFilter.doFilter(SecurityContextPersistenceFilter.java:105)
	at org.springframework.security.web.FilterChainProxy$VirtualFilterChain.doFilter(FilterChainProxy.java:334)
	at org.springframework.security.web.context.request.async.WebAsyncManagerIntegrationFilter.doFilterInternal(WebAsyncManagerIntegrationFilter.java:56)
	at org.springframework.web.filter.OncePerRequestFilter.doFilter(OncePerRequestFilter.java:119)
	at org.springframework.security.web.FilterChainProxy$VirtualFilterChain.doFilter(FilterChainProxy.java:334)
	at org.springframework.security.web.FilterChainProxy.doFilterInternal(FilterChainProxy.java:215)
	at org.springframework.security.web.FilterChainProxy.doFilter(FilterChainProxy.java:178)
	at org.springframework.web.filter.DelegatingFilterProxy.invokeDelegate(DelegatingFilterProxy.java:358)
	at org.springframework.web.filter.DelegatingFilterProxy.doFilter(DelegatingFilterProxy.java:271)
	at org.apache.catalina.core.ApplicationFilterChain.internalDoFilter(ApplicationFilterChain.java:193)
	at org.apache.catalina.core.ApplicationFilterChain.doFilter(ApplicationFilterChain.java:166)
	at org.springframework.web.filter.RequestContextFilter.doFilterInternal(RequestContextFilter.java:100)
	at org.springframework.web.filter.OncePerRequestFilter.doFilter(OncePerRequestFilter.java:119)
	at org.apache.catalina.core.ApplicationFilterChain.internalDoFilter(ApplicationFilterChain.java:193)
	at org.apache.catalina.core.ApplicationFilterChain.doFilter(ApplicationFilterChain.java:166)
	at org.springframework.web.filter.FormContentFilter.doFilterInternal(FormContentFilter.java:93)
	at org.springframework.web.filter.OncePerRequestFilter.doFilter(OncePerRequestFilter.java:119)
	at org.apache.catalina.core.ApplicationFilterChain.internalDoFilter(ApplicationFilterChain.java:193)
	at org.apache.catalina.core.ApplicationFilterChain.doFilter(ApplicationFilterChain.java:166)
	at org.springframework.web.filter.HiddenHttpMethodFilter.doFilterInternal(HiddenHttpMethodFilter.java:94)
	at org.springframework.web.filter.OncePerRequestFilter.doFilter(OncePerRequestFilter.java:119)
	at org.apache.catalina.core.ApplicationFilterChain.internalDoFilter(ApplicationFilterChain.java:193)
	at org.apache.catalina.core.ApplicationFilterChain.doFilter(ApplicationFilterChain.java:166)
	at org.springframework.web.filter.CharacterEncodingFilter.doFilterInternal(CharacterEncodingFilter.java:201)
	at org.springframework.web.filter.OncePerRequestFilter.doFilter(OncePerRequestFilter.java:119)
	at org.apache.catalina.core.ApplicationFilterChain.internalDoFilter(ApplicationFilterChain.java:193)
	at org.apache.catalina.core.ApplicationFilterChain.doFilter(ApplicationFilterChain.java:166)
	at org.apache.catalina.core.StandardWrapperValve.invoke(StandardWrapperValve.java:202)
	at org.apache.catalina.core.StandardContextValve.invoke(StandardContextValve.java:96)
	at org.apache.catalina.authenticator.AuthenticatorBase.invoke(AuthenticatorBase.java:526)
	at org.apache.catalina.core.StandardHostValve.invoke(StandardHostValve.java:139)
	at org.apache.catalina.valves.ErrorReportValve.invoke(ErrorReportValve.java:92)
	at org.apache.catalina.core.StandardEngineValve.invoke(StandardEngineValve.java:74)
	at org.apache.catalina.connector.CoyoteAdapter.service(CoyoteAdapter.java:343)
	at org.apache.coyote.http11.Http11Processor.service(Http11Processor.java:408)
	at org.apache.coyote.AbstractProcessorLight.process(AbstractProcessorLight.java:66)
	at org.apache.coyote.AbstractProtocol$ConnectionHandler.process(AbstractProtocol.java:860)
	at org.apache.tomcat.util.net.NioEndpoint$SocketProcessor.doRun(NioEndpoint.java:1589)
	at org.apache.tomcat.util.net.SocketProcessorBase.run(SocketProcessorBase.java:49)
	at java.util.concurrent.ThreadPoolExecutor.runWorker(ThreadPoolExecutor.java:1142)
	at java.util.concurrent.ThreadPoolExecutor$Worker.run(ThreadPoolExecutor.java:617)
	at org.apache.tomcat.util.threads.TaskThread$WrappingRunnable.run(TaskThread.java:61)
	at java.lang.Thread.run(Thread.java:745)
2019-10-12 07:29:22 [Thread-6] INFO  o.s.s.c.ThreadPoolTaskExecutor - Shutting down ExecutorService 'applicationTaskExecutor'
2019-10-12 07:29:22 [Thread-6] INFO  o.s.o.j.LocalContainerEntityManagerFactoryBean - Closing JPA EntityManagerFactory for persistence unit 'default'
2019-10-12 07:29:22 [Thread-6] INFO  com.zaxxer.hikari.HikariDataSource - HikariPool-1 - Shutdown initiated...
2019-10-12 07:29:22 [Thread-6] INFO  com.zaxxer.hikari.HikariDataSource - HikariPool-1 - Shutdown completed.
2019-10-12 07:29:23 [restartedMain] INFO  c.c.B.BrsSpringBootMvcApplication - Starting BrsSpringBootMvcApplication on DESKTOP-DUCIEJ6 with PID 8396 (C:\Users\HARI\git\brs-spring\BRSSpringBootMVC\target\classes started by HARIBABU in C:\Users\HARI\git\brs-spring\BRSSpringBootMVC)
2019-10-12 07:29:23 [restartedMain] DEBUG c.c.B.BrsSpringBootMvcApplication - Running with Spring Boot v2.1.9.RELEASE, Spring v5.1.10.RELEASE
2019-10-12 07:29:23 [restartedMain] INFO  c.c.B.BrsSpringBootMvcApplication - No active profile set, falling back to default profiles: default
2019-10-12 07:29:24 [restartedMain] INFO  o.s.d.r.c.RepositoryConfigurationDelegate - Bootstrapping Spring Data repositories in DEFAULT mode.
2019-10-12 07:29:24 [restartedMain] INFO  o.s.d.r.c.RepositoryConfigurationDelegate - Finished Spring Data repository scanning in 28ms. Found 4 repository interfaces.
2019-10-12 07:29:24 [restartedMain] INFO  o.s.c.s.PostProcessorRegistrationDelegate$BeanPostProcessorChecker - Bean 'org.springframework.transaction.annotation.ProxyTransactionManagementConfiguration' of type [org.springframework.transaction.annotation.ProxyTransactionManagementConfiguration$$EnhancerBySpringCGLIB$$d66454c8] is not eligible for getting processed by all BeanPostProcessors (for example: not eligible for auto-proxying)
2019-10-12 07:29:25 [restartedMain] INFO  o.s.b.w.e.tomcat.TomcatWebServer - Tomcat initialized with port(s): 9081 (http)
2019-10-12 07:29:25 [restartedMain] INFO  o.a.catalina.core.StandardService - Starting service [Tomcat]
2019-10-12 07:29:25 [restartedMain] INFO  o.a.catalina.core.StandardEngine - Starting Servlet engine: [Apache Tomcat/9.0.26]
2019-10-12 07:29:26 [restartedMain] INFO  org.apache.jasper.servlet.TldScanner - At least one JAR was scanned for TLDs yet contained no TLDs. Enable debug logging for this logger for a complete list of JARs that were scanned but no TLDs were found in them. Skipping unneeded JARs during scanning can improve startup time and JSP compilation time.
2019-10-12 07:29:26 [restartedMain] INFO  o.a.c.c.C.[Tomcat].[localhost].[/] - Initializing Spring embedded WebApplicationContext
2019-10-12 07:29:26 [restartedMain] INFO  com.zaxxer.hikari.HikariDataSource - HikariPool-2 - Starting...
2019-10-12 07:29:26 [restartedMain] INFO  com.zaxxer.hikari.HikariDataSource - HikariPool-2 - Start completed.
2019-10-12 07:29:26 [restartedMain] INFO  o.h.jpa.internal.util.LogHelper - HHH000204: Processing PersistenceUnitInfo [
	name: default
	...]
2019-10-12 07:29:26 [restartedMain] INFO  org.hibernate.dialect.Dialect - HHH000400: Using dialect: org.hibernate.dialect.MySQL5Dialect
2019-10-12 07:29:26 [restartedMain] INFO  o.s.o.j.LocalContainerEntityManagerFactoryBean - Initialized JPA EntityManagerFactory for persistence unit 'default'
2019-10-12 07:29:26 [restartedMain] INFO  o.s.b.d.a.OptionalLiveReloadServer - LiveReload server is running on port 35729
2019-10-12 07:29:27 [restartedMain] INFO  o.h.h.i.QueryTranslatorFactoryInitiator - HHH000397: Using ASTQueryTranslatorFactory
2019-10-12 07:29:27 [restartedMain] INFO  o.s.s.web.DefaultSecurityFilterChain - Creating filter chain: any request, [org.springframework.security.web.context.request.async.WebAsyncManagerIntegrationFilter@41717a09, org.springframework.security.web.context.SecurityContextPersistenceFilter@500335a3, org.springframework.security.web.header.HeaderWriterFilter@379fbe6, org.springframework.security.web.authentication.logout.LogoutFilter@57741815, org.springframework.security.web.authentication.UsernamePasswordAuthenticationFilter@796074eb, org.springframework.security.web.savedrequest.RequestCacheAwareFilter@638f954f, org.springframework.security.web.servletapi.SecurityContextHolderAwareRequestFilter@2f65e413, org.springframework.security.web.authentication.AnonymousAuthenticationFilter@7f78c789, org.springframework.security.web.session.SessionManagementFilter@2eead06a, org.springframework.security.web.access.ExceptionTranslationFilter@31d04de9, org.springframework.security.web.access.intercept.FilterSecurityInterceptor@22081d39]
2019-10-12 07:29:27 [restartedMain] INFO  o.s.s.c.ThreadPoolTaskExecutor - Initializing ExecutorService 'applicationTaskExecutor'
2019-10-12 07:29:27 [restartedMain] WARN  o.s.b.a.o.j.JpaBaseConfiguration$JpaWebConfiguration$JpaWebMvcConfiguration - spring.jpa.open-in-view is enabled by default. Therefore, database queries may be performed during view rendering. Explicitly configure spring.jpa.open-in-view to disable this warning
2019-10-12 07:29:27 [restartedMain] INFO  o.s.b.w.e.tomcat.TomcatWebServer - Tomcat started on port(s): 9081 (http) with context path ''
2019-10-12 07:29:27 [restartedMain] INFO  c.c.B.BrsSpringBootMvcApplication - Started BrsSpringBootMvcApplication in 4.309 seconds (JVM running for 117.695)
2019-10-12 07:29:27 [restartedMain] INFO  o.s.b.d.a.ConditionEvaluationDeltaLoggingListener - Condition evaluation unchanged
2019-10-12 07:29:27 [restartedMain] DEBUG c.c.B.BrsSpringBootMvcApplication - Hello SpringBoot
2019-10-12 07:29:27 [http-nio-9081-exec-2] INFO  o.a.c.c.C.[Tomcat].[localhost].[/] - Initializing Spring DispatcherServlet 'dispatcherServlet'
2019-10-12 07:29:27 [http-nio-9081-exec-2] DEBUG c.c.B.controller.BRSController - In Home now
2019-10-12 07:29:29 [http-nio-9081-exec-1] DEBUG c.c.B.controller.BRSController - In Home now
2019-10-12 07:29:40 [http-nio-9081-exec-2] DEBUG c.c.B.controller.BRSController - In Customer Home Now
2019-10-12 07:29:46 [http-nio-9081-exec-3] INFO  c.c.B.controller.BRSController - Viewing the running buses for date: null
2019-10-12 07:29:58 [http-nio-9081-exec-10] INFO  c.c.B.controller.BRSController - Booking initialized.....
2019-10-12 07:30:01 [http-nio-9081-exec-7] INFO  c.c.B.controller.BRSController - Adding passengers.....
2019-10-12 07:30:11 [http-nio-9081-exec-8] INFO  c.c.B.controller.BRSController - Passengers for a particular booking added.
2019-10-12 07:30:13 [http-nio-9081-exec-6] INFO  c.c.B.controller.BRSController - Redirecting to payment mode selection
2019-10-12 07:30:16 [http-nio-9081-exec-2] INFO  c.c.B.controller.BRSController - Confirming the payment....
2019-10-12 07:30:19 [http-nio-9081-exec-3] INFO  c.c.B.controller.BRSController - Booking for user teja has been made successfully
2019-10-12 07:30:25 [http-nio-9081-exec-5] INFO  c.c.B.controller.BRSController - Listing the list of all bookings of user teja
2019-10-12 08:13:46 [HikariPool-2 housekeeper] WARN  com.zaxxer.hikari.pool.HikariPool - HikariPool-2 - Thread starvation or clock leap detected (housekeeper delta=37m20s182ms191µs747ns).
2019-10-12 08:15:35 [Thread-15] INFO  o.s.s.c.ThreadPoolTaskExecutor - Shutting down ExecutorService 'applicationTaskExecutor'
2019-10-12 08:15:35 [Thread-15] INFO  o.s.o.j.LocalContainerEntityManagerFactoryBean - Closing JPA EntityManagerFactory for persistence unit 'default'
2019-10-12 08:15:35 [Thread-15] INFO  com.zaxxer.hikari.HikariDataSource - HikariPool-2 - Shutdown initiated...
2019-10-12 08:15:35 [Thread-15] INFO  com.zaxxer.hikari.HikariDataSource - HikariPool-2 - Shutdown completed.
2019-10-12 08:15:36 [restartedMain] INFO  c.c.B.BrsSpringBootMvcApplication - Starting BrsSpringBootMvcApplication on DESKTOP-DUCIEJ6 with PID 8396 (C:\Users\HARI\git\brs-spring\BRSSpringBootMVC\target\classes started by HARIBABU in C:\Users\HARI\git\brs-spring\BRSSpringBootMVC)
2019-10-12 08:15:36 [restartedMain] DEBUG c.c.B.BrsSpringBootMvcApplication - Running with Spring Boot v2.1.9.RELEASE, Spring v5.1.10.RELEASE
2019-10-12 08:15:36 [restartedMain] INFO  c.c.B.BrsSpringBootMvcApplication - No active profile set, falling back to default profiles: default
2019-10-12 08:15:37 [restartedMain] INFO  o.s.d.r.c.RepositoryConfigurationDelegate - Bootstrapping Spring Data repositories in DEFAULT mode.
2019-10-12 08:15:37 [restartedMain] INFO  o.s.d.r.c.RepositoryConfigurationDelegate - Finished Spring Data repository scanning in 32ms. Found 4 repository interfaces.
2019-10-12 08:15:37 [restartedMain] INFO  o.s.c.s.PostProcessorRegistrationDelegate$BeanPostProcessorChecker - Bean 'org.springframework.transaction.annotation.ProxyTransactionManagementConfiguration' of type [org.springframework.transaction.annotation.ProxyTransactionManagementConfiguration$$EnhancerBySpringCGLIB$$d66454c8] is not eligible for getting processed by all BeanPostProcessors (for example: not eligible for auto-proxying)
2019-10-12 08:15:38 [restartedMain] INFO  o.s.b.w.e.tomcat.TomcatWebServer - Tomcat initialized with port(s): 9081 (http)
2019-10-12 08:15:38 [restartedMain] INFO  o.a.catalina.core.StandardService - Starting service [Tomcat]
2019-10-12 08:15:38 [restartedMain] INFO  o.a.catalina.core.StandardEngine - Starting Servlet engine: [Apache Tomcat/9.0.26]
2019-10-12 08:15:38 [restartedMain] INFO  org.apache.jasper.servlet.TldScanner - At least one JAR was scanned for TLDs yet contained no TLDs. Enable debug logging for this logger for a complete list of JARs that were scanned but no TLDs were found in them. Skipping unneeded JARs during scanning can improve startup time and JSP compilation time.
2019-10-12 08:15:38 [restartedMain] INFO  o.a.c.c.C.[Tomcat].[localhost].[/] - Initializing Spring embedded WebApplicationContext
2019-10-12 08:15:39 [restartedMain] INFO  com.zaxxer.hikari.HikariDataSource - HikariPool-3 - Starting...
2019-10-12 08:15:39 [restartedMain] INFO  com.zaxxer.hikari.HikariDataSource - HikariPool-3 - Start completed.
2019-10-12 08:15:39 [restartedMain] INFO  o.h.jpa.internal.util.LogHelper - HHH000204: Processing PersistenceUnitInfo [
	name: default
	...]
2019-10-12 08:15:39 [restartedMain] INFO  org.hibernate.dialect.Dialect - HHH000400: Using dialect: org.hibernate.dialect.MySQL5Dialect
2019-10-12 08:15:39 [restartedMain] INFO  o.s.o.j.LocalContainerEntityManagerFactoryBean - Initialized JPA EntityManagerFactory for persistence unit 'default'
2019-10-12 08:15:39 [restartedMain] INFO  o.s.b.d.a.OptionalLiveReloadServer - LiveReload server is running on port 35729
2019-10-12 08:15:39 [restartedMain] INFO  o.h.h.i.QueryTranslatorFactoryInitiator - HHH000397: Using ASTQueryTranslatorFactory
2019-10-12 08:15:40 [restartedMain] INFO  o.s.s.web.DefaultSecurityFilterChain - Creating filter chain: any request, [org.springframework.security.web.context.request.async.WebAsyncManagerIntegrationFilter@44de8107, org.springframework.security.web.context.SecurityContextPersistenceFilter@3626ab66, org.springframework.security.web.header.HeaderWriterFilter@1f45ea08, org.springframework.security.web.authentication.logout.LogoutFilter@3ff9ebe6, org.springframework.security.web.authentication.UsernamePasswordAuthenticationFilter@285fc53, org.springframework.security.web.savedrequest.RequestCacheAwareFilter@5b580ecd, org.springframework.security.web.servletapi.SecurityContextHolderAwareRequestFilter@6bfdba04, org.springframework.security.web.authentication.AnonymousAuthenticationFilter@f2ea014, org.springframework.security.web.session.SessionManagementFilter@74f41481, org.springframework.security.web.access.ExceptionTranslationFilter@6751584f, org.springframework.security.web.access.intercept.FilterSecurityInterceptor@379a1411]
2019-10-12 08:15:40 [restartedMain] INFO  o.s.s.c.ThreadPoolTaskExecutor - Initializing ExecutorService 'applicationTaskExecutor'
2019-10-12 08:15:40 [restartedMain] WARN  o.s.b.a.o.j.JpaBaseConfiguration$JpaWebConfiguration$JpaWebMvcConfiguration - spring.jpa.open-in-view is enabled by default. Therefore, database queries may be performed during view rendering. Explicitly configure spring.jpa.open-in-view to disable this warning
2019-10-12 08:15:40 [restartedMain] INFO  o.s.b.w.e.tomcat.TomcatWebServer - Tomcat started on port(s): 9081 (http) with context path ''
2019-10-12 08:15:40 [restartedMain] INFO  c.c.B.BrsSpringBootMvcApplication - Started BrsSpringBootMvcApplication in 3.826 seconds (JVM running for 2890.554)
2019-10-12 08:15:40 [restartedMain] INFO  o.s.b.d.a.ConditionEvaluationDeltaLoggingListener - Condition evaluation unchanged
2019-10-12 08:15:40 [restartedMain] DEBUG c.c.B.BrsSpringBootMvcApplication - Hello SpringBoot
2019-10-12 08:16:09 [Thread-23] INFO  o.s.s.c.ThreadPoolTaskExecutor - Shutting down ExecutorService 'applicationTaskExecutor'
2019-10-12 08:16:09 [Thread-23] INFO  o.s.o.j.LocalContainerEntityManagerFactoryBean - Closing JPA EntityManagerFactory for persistence unit 'default'
2019-10-12 08:16:09 [Thread-23] INFO  com.zaxxer.hikari.HikariDataSource - HikariPool-3 - Shutdown initiated...
2019-10-12 08:16:09 [Thread-23] INFO  com.zaxxer.hikari.HikariDataSource - HikariPool-3 - Shutdown completed.
2019-10-12 08:16:10 [restartedMain] INFO  c.c.B.BrsSpringBootMvcApplication - Starting BrsSpringBootMvcApplication on DESKTOP-DUCIEJ6 with PID 8396 (C:\Users\HARI\git\brs-spring\BRSSpringBootMVC\target\classes started by HARIBABU in C:\Users\HARI\git\brs-spring\BRSSpringBootMVC)
2019-10-12 08:16:10 [restartedMain] DEBUG c.c.B.BrsSpringBootMvcApplication - Running with Spring Boot v2.1.9.RELEASE, Spring v5.1.10.RELEASE
2019-10-12 08:16:10 [restartedMain] INFO  c.c.B.BrsSpringBootMvcApplication - No active profile set, falling back to default profiles: default
2019-10-12 08:16:11 [restartedMain] INFO  o.s.d.r.c.RepositoryConfigurationDelegate - Bootstrapping Spring Data repositories in DEFAULT mode.
2019-10-12 08:16:11 [restartedMain] INFO  o.s.d.r.c.RepositoryConfigurationDelegate - Finished Spring Data repository scanning in 44ms. Found 4 repository interfaces.
2019-10-12 08:16:12 [restartedMain] INFO  o.s.c.s.PostProcessorRegistrationDelegate$BeanPostProcessorChecker - Bean 'org.springframework.transaction.annotation.ProxyTransactionManagementConfiguration' of type [org.springframework.transaction.annotation.ProxyTransactionManagementConfiguration$$EnhancerBySpringCGLIB$$d66454c8] is not eligible for getting processed by all BeanPostProcessors (for example: not eligible for auto-proxying)
2019-10-12 08:16:12 [restartedMain] INFO  o.s.b.w.e.tomcat.TomcatWebServer - Tomcat initialized with port(s): 9081 (http)
2019-10-12 08:16:12 [restartedMain] INFO  o.a.catalina.core.StandardService - Starting service [Tomcat]
2019-10-12 08:16:12 [restartedMain] INFO  o.a.catalina.core.StandardEngine - Starting Servlet engine: [Apache Tomcat/9.0.26]
2019-10-12 08:16:13 [restartedMain] INFO  org.apache.jasper.servlet.TldScanner - At least one JAR was scanned for TLDs yet contained no TLDs. Enable debug logging for this logger for a complete list of JARs that were scanned but no TLDs were found in them. Skipping unneeded JARs during scanning can improve startup time and JSP compilation time.
2019-10-12 08:16:13 [restartedMain] INFO  o.a.c.c.C.[Tomcat].[localhost].[/] - Initializing Spring embedded WebApplicationContext
2019-10-12 08:16:13 [restartedMain] INFO  com.zaxxer.hikari.HikariDataSource - HikariPool-4 - Starting...
2019-10-12 08:16:13 [restartedMain] INFO  com.zaxxer.hikari.HikariDataSource - HikariPool-4 - Start completed.
2019-10-12 08:16:13 [restartedMain] INFO  o.h.jpa.internal.util.LogHelper - HHH000204: Processing PersistenceUnitInfo [
	name: default
	...]
2019-10-12 08:16:13 [restartedMain] INFO  org.hibernate.dialect.Dialect - HHH000400: Using dialect: org.hibernate.dialect.MySQL5Dialect
2019-10-12 08:16:13 [restartedMain] INFO  o.s.o.j.LocalContainerEntityManagerFactoryBean - Initialized JPA EntityManagerFactory for persistence unit 'default'
2019-10-12 08:16:13 [restartedMain] INFO  o.s.b.d.a.OptionalLiveReloadServer - LiveReload server is running on port 35729
2019-10-12 08:16:14 [restartedMain] INFO  o.h.h.i.QueryTranslatorFactoryInitiator - HHH000397: Using ASTQueryTranslatorFactory
2019-10-12 08:16:14 [restartedMain] INFO  o.s.s.web.DefaultSecurityFilterChain - Creating filter chain: any request, [org.springframework.security.web.context.request.async.WebAsyncManagerIntegrationFilter@5ae10de2, org.springframework.security.web.context.SecurityContextPersistenceFilter@56ca3d4f, org.springframework.security.web.header.HeaderWriterFilter@4947dff, org.springframework.security.web.authentication.logout.LogoutFilter@37ab13e7, org.springframework.security.web.authentication.UsernamePasswordAuthenticationFilter@2f3a11c3, org.springframework.security.web.savedrequest.RequestCacheAwareFilter@3c90e52b, org.springframework.security.web.servletapi.SecurityContextHolderAwareRequestFilter@1b4c1cc3, org.springframework.security.web.authentication.AnonymousAuthenticationFilter@35d4b921, org.springframework.security.web.session.SessionManagementFilter@3073871a, org.springframework.security.web.access.ExceptionTranslationFilter@7ae21a5f, org.springframework.security.web.access.intercept.FilterSecurityInterceptor@4aec3ca3]
2019-10-12 08:16:14 [restartedMain] INFO  o.s.s.c.ThreadPoolTaskExecutor - Initializing ExecutorService 'applicationTaskExecutor'
2019-10-12 08:16:14 [restartedMain] WARN  o.s.b.a.o.j.JpaBaseConfiguration$JpaWebConfiguration$JpaWebMvcConfiguration - spring.jpa.open-in-view is enabled by default. Therefore, database queries may be performed during view rendering. Explicitly configure spring.jpa.open-in-view to disable this warning
2019-10-12 08:16:14 [restartedMain] INFO  o.s.b.w.e.tomcat.TomcatWebServer - Tomcat started on port(s): 9081 (http) with context path ''
2019-10-12 08:16:14 [restartedMain] INFO  c.c.B.BrsSpringBootMvcApplication - Started BrsSpringBootMvcApplication in 3.623 seconds (JVM running for 2924.373)
2019-10-12 08:16:14 [restartedMain] INFO  o.s.b.d.a.ConditionEvaluationDeltaLoggingListener - Condition evaluation unchanged
2019-10-12 08:16:14 [restartedMain] DEBUG c.c.B.BrsSpringBootMvcApplication - Hello SpringBoot
2019-10-12 08:16:22 [http-nio-9081-exec-1] INFO  o.a.c.c.C.[Tomcat].[localhost].[/] - Initializing Spring DispatcherServlet 'dispatcherServlet'
2019-10-12 08:16:22 [http-nio-9081-exec-1] DEBUG c.c.B.controller.BRSController - In Home now
2019-10-12 08:16:25 [http-nio-9081-exec-5] DEBUG c.c.B.controller.BRSController - In Customer Home Now
2019-10-12 08:16:25 [http-nio-9081-exec-5] ERROR o.a.c.c.C.[.[.[.[dispatcherServlet] - Servlet.service() for servlet [dispatcherServlet] in context with path [] threw exception [Request processing failed; nested exception is java.util.NoSuchElementException: No value present] with root cause
java.util.NoSuchElementException: No value present
	at java.util.Optional.get(Optional.java:135) ~[na:1.8.0_111]
	at com.cg.BrsSpringBootMVC.service.BRSServiceImpl.viewUserByUsername(BRSServiceImpl.java:371) ~[classes/:na]
	at com.cg.BrsSpringBootMVC.service.BRSServiceImpl$$FastClassBySpringCGLIB$$96400b04.invoke(<generated>) ~[classes/:na]
	at org.springframework.cglib.proxy.MethodProxy.invoke(MethodProxy.java:218) ~[spring-core-5.1.10.RELEASE.jar:5.1.10.RELEASE]
	at org.springframework.aop.framework.CglibAopProxy$CglibMethodInvocation.invokeJoinpoint(CglibAopProxy.java:750) ~[spring-aop-5.1.10.RELEASE.jar:5.1.10.RELEASE]
	at org.springframework.aop.framework.ReflectiveMethodInvocation.proceed(ReflectiveMethodInvocation.java:163) ~[spring-aop-5.1.10.RELEASE.jar:5.1.10.RELEASE]
	at org.springframework.transaction.interceptor.TransactionAspectSupport.invokeWithinTransaction(TransactionAspectSupport.java:295) ~[spring-tx-5.1.10.RELEASE.jar:5.1.10.RELEASE]
	at org.springframework.transaction.interceptor.TransactionInterceptor.invoke(TransactionInterceptor.java:98) ~[spring-tx-5.1.10.RELEASE.jar:5.1.10.RELEASE]
	at org.springframework.aop.framework.ReflectiveMethodInvocation.proceed(ReflectiveMethodInvocation.java:186) ~[spring-aop-5.1.10.RELEASE.jar:5.1.10.RELEASE]
	at org.springframework.aop.framework.CglibAopProxy$DynamicAdvisedInterceptor.intercept(CglibAopProxy.java:689) ~[spring-aop-5.1.10.RELEASE.jar:5.1.10.RELEASE]
	at com.cg.BrsSpringBootMVC.service.BRSServiceImpl$$EnhancerBySpringCGLIB$$1fdfa2ab.viewUserByUsername(<generated>) ~[classes/:na]
	at com.cg.BrsSpringBootMVC.controller.BRSController.viewCustomerHome(BRSController.java:82) ~[classes/:na]
	at sun.reflect.NativeMethodAccessorImpl.invoke0(Native Method) ~[na:1.8.0_111]
	at sun.reflect.NativeMethodAccessorImpl.invoke(NativeMethodAccessorImpl.java:62) ~[na:1.8.0_111]
	at sun.reflect.DelegatingMethodAccessorImpl.invoke(DelegatingMethodAccessorImpl.java:43) ~[na:1.8.0_111]
	at java.lang.reflect.Method.invoke(Method.java:498) ~[na:1.8.0_111]
	at org.springframework.web.method.support.InvocableHandlerMethod.doInvoke(InvocableHandlerMethod.java:190) ~[spring-web-5.1.10.RELEASE.jar:5.1.10.RELEASE]
	at org.springframework.web.method.support.InvocableHandlerMethod.invokeForRequest(InvocableHandlerMethod.java:138) ~[spring-web-5.1.10.RELEASE.jar:5.1.10.RELEASE]
	at org.springframework.web.servlet.mvc.method.annotation.ServletInvocableHandlerMethod.invokeAndHandle(ServletInvocableHandlerMethod.java:105) ~[spring-webmvc-5.1.10.RELEASE.jar:5.1.10.RELEASE]
	at org.springframework.web.servlet.mvc.method.annotation.RequestMappingHandlerAdapter.invokeHandlerMethod(RequestMappingHandlerAdapter.java:893) ~[spring-webmvc-5.1.10.RELEASE.jar:5.1.10.RELEASE]
	at org.springframework.web.servlet.mvc.method.annotation.RequestMappingHandlerAdapter.handleInternal(RequestMappingHandlerAdapter.java:798) ~[spring-webmvc-5.1.10.RELEASE.jar:5.1.10.RELEASE]
	at org.springframework.web.servlet.mvc.method.AbstractHandlerMethodAdapter.handle(AbstractHandlerMethodAdapter.java:87) ~[spring-webmvc-5.1.10.RELEASE.jar:5.1.10.RELEASE]
	at org.springframework.web.servlet.DispatcherServlet.doDispatch(DispatcherServlet.java:1040) ~[spring-webmvc-5.1.10.RELEASE.jar:5.1.10.RELEASE]
	at org.springframework.web.servlet.DispatcherServlet.doService(DispatcherServlet.java:943) ~[spring-webmvc-5.1.10.RELEASE.jar:5.1.10.RELEASE]
	at org.springframework.web.servlet.FrameworkServlet.processRequest(FrameworkServlet.java:1006) ~[spring-webmvc-5.1.10.RELEASE.jar:5.1.10.RELEASE]
	at org.springframework.web.servlet.FrameworkServlet.doGet(FrameworkServlet.java:898) ~[spring-webmvc-5.1.10.RELEASE.jar:5.1.10.RELEASE]
	at javax.servlet.http.HttpServlet.service(HttpServlet.java:634) ~[tomcat-embed-core-9.0.26.jar:9.0.26]
	at org.springframework.web.servlet.FrameworkServlet.service(FrameworkServlet.java:883) ~[spring-webmvc-5.1.10.RELEASE.jar:5.1.10.RELEASE]
	at javax.servlet.http.HttpServlet.service(HttpServlet.java:741) ~[tomcat-embed-core-9.0.26.jar:9.0.26]
	at org.apache.catalina.core.ApplicationFilterChain.internalDoFilter(ApplicationFilterChain.java:231) ~[tomcat-embed-core-9.0.26.jar:9.0.26]
	at org.apache.catalina.core.ApplicationFilterChain.doFilter(ApplicationFilterChain.java:166) ~[tomcat-embed-core-9.0.26.jar:9.0.26]
	at org.apache.tomcat.websocket.server.WsFilter.doFilter(WsFilter.java:53) ~[tomcat-embed-websocket-9.0.26.jar:9.0.26]
	at org.apache.catalina.core.ApplicationFilterChain.internalDoFilter(ApplicationFilterChain.java:193) ~[tomcat-embed-core-9.0.26.jar:9.0.26]
	at org.apache.catalina.core.ApplicationFilterChain.doFilter(ApplicationFilterChain.java:166) ~[tomcat-embed-core-9.0.26.jar:9.0.26]
	at org.springframework.security.web.FilterChainProxy$VirtualFilterChain.doFilter(FilterChainProxy.java:320) ~[spring-security-web-5.1.6.RELEASE.jar:5.1.6.RELEASE]
	at org.springframework.security.web.access.intercept.FilterSecurityInterceptor.invoke(FilterSecurityInterceptor.java:127) ~[spring-security-web-5.1.6.RELEASE.jar:5.1.6.RELEASE]
	at org.springframework.security.web.access.intercept.FilterSecurityInterceptor.doFilter(FilterSecurityInterceptor.java:91) ~[spring-security-web-5.1.6.RELEASE.jar:5.1.6.RELEASE]
	at org.springframework.security.web.FilterChainProxy$VirtualFilterChain.doFilter(FilterChainProxy.java:334) ~[spring-security-web-5.1.6.RELEASE.jar:5.1.6.RELEASE]
	at org.springframework.security.web.access.ExceptionTranslationFilter.doFilter(ExceptionTranslationFilter.java:119) ~[spring-security-web-5.1.6.RELEASE.jar:5.1.6.RELEASE]
	at org.springframework.security.web.FilterChainProxy$VirtualFilterChain.doFilter(FilterChainProxy.java:334) ~[spring-security-web-5.1.6.RELEASE.jar:5.1.6.RELEASE]
	at org.springframework.security.web.session.SessionManagementFilter.doFilter(SessionManagementFilter.java:137) ~[spring-security-web-5.1.6.RELEASE.jar:5.1.6.RELEASE]
	at org.springframework.security.web.FilterChainProxy$VirtualFilterChain.doFilter(FilterChainProxy.java:334) ~[spring-security-web-5.1.6.RELEASE.jar:5.1.6.RELEASE]
	at org.springframework.security.web.authentication.AnonymousAuthenticationFilter.doFilter(AnonymousAuthenticationFilter.java:111) ~[spring-security-web-5.1.6.RELEASE.jar:5.1.6.RELEASE]
	at org.springframework.security.web.FilterChainProxy$VirtualFilterChain.doFilter(FilterChainProxy.java:334) ~[spring-security-web-5.1.6.RELEASE.jar:5.1.6.RELEASE]
	at org.springframework.security.web.servletapi.SecurityContextHolderAwareRequestFilter.doFilter(SecurityContextHolderAwareRequestFilter.java:170) ~[spring-security-web-5.1.6.RELEASE.jar:5.1.6.RELEASE]
	at org.springframework.security.web.FilterChainProxy$VirtualFilterChain.doFilter(FilterChainProxy.java:334) ~[spring-security-web-5.1.6.RELEASE.jar:5.1.6.RELEASE]
	at org.springframework.security.web.savedrequest.RequestCacheAwareFilter.doFilter(RequestCacheAwareFilter.java:63) ~[spring-security-web-5.1.6.RELEASE.jar:5.1.6.RELEASE]
	at org.springframework.security.web.FilterChainProxy$VirtualFilterChain.doFilter(FilterChainProxy.java:334) ~[spring-security-web-5.1.6.RELEASE.jar:5.1.6.RELEASE]
	at org.springframework.security.web.authentication.AbstractAuthenticationProcessingFilter.doFilter(AbstractAuthenticationProcessingFilter.java:200) ~[spring-security-web-5.1.6.RELEASE.jar:5.1.6.RELEASE]
	at org.springframework.security.web.FilterChainProxy$VirtualFilterChain.doFilter(FilterChainProxy.java:334) ~[spring-security-web-5.1.6.RELEASE.jar:5.1.6.RELEASE]
	at org.springframework.security.web.authentication.logout.LogoutFilter.doFilter(LogoutFilter.java:116) ~[spring-security-web-5.1.6.RELEASE.jar:5.1.6.RELEASE]
	at org.springframework.security.web.FilterChainProxy$VirtualFilterChain.doFilter(FilterChainProxy.java:334) ~[spring-security-web-5.1.6.RELEASE.jar:5.1.6.RELEASE]
	at org.springframework.security.web.header.HeaderWriterFilter.doFilterInternal(HeaderWriterFilter.java:74) ~[spring-security-web-5.1.6.RELEASE.jar:5.1.6.RELEASE]
	at org.springframework.web.filter.OncePerRequestFilter.doFilter(OncePerRequestFilter.java:119) ~[spring-web-5.1.10.RELEASE.jar:5.1.10.RELEASE]
	at org.springframework.security.web.FilterChainProxy$VirtualFilterChain.doFilter(FilterChainProxy.java:334) ~[spring-security-web-5.1.6.RELEASE.jar:5.1.6.RELEASE]
	at org.springframework.security.web.context.SecurityContextPersistenceFilter.doFilter(SecurityContextPersistenceFilter.java:105) ~[spring-security-web-5.1.6.RELEASE.jar:5.1.6.RELEASE]
	at org.springframework.security.web.FilterChainProxy$VirtualFilterChain.doFilter(FilterChainProxy.java:334) ~[spring-security-web-5.1.6.RELEASE.jar:5.1.6.RELEASE]
	at org.springframework.security.web.context.request.async.WebAsyncManagerIntegrationFilter.doFilterInternal(WebAsyncManagerIntegrationFilter.java:56) ~[spring-security-web-5.1.6.RELEASE.jar:5.1.6.RELEASE]
	at org.springframework.web.filter.OncePerRequestFilter.doFilter(OncePerRequestFilter.java:119) ~[spring-web-5.1.10.RELEASE.jar:5.1.10.RELEASE]
	at org.springframework.security.web.FilterChainProxy$VirtualFilterChain.doFilter(FilterChainProxy.java:334) ~[spring-security-web-5.1.6.RELEASE.jar:5.1.6.RELEASE]
	at org.springframework.security.web.FilterChainProxy.doFilterInternal(FilterChainProxy.java:215) ~[spring-security-web-5.1.6.RELEASE.jar:5.1.6.RELEASE]
	at org.springframework.security.web.FilterChainProxy.doFilter(FilterChainProxy.java:178) ~[spring-security-web-5.1.6.RELEASE.jar:5.1.6.RELEASE]
	at org.springframework.web.filter.DelegatingFilterProxy.invokeDelegate(DelegatingFilterProxy.java:358) ~[spring-web-5.1.10.RELEASE.jar:5.1.10.RELEASE]
	at org.springframework.web.filter.DelegatingFilterProxy.doFilter(DelegatingFilterProxy.java:271) ~[spring-web-5.1.10.RELEASE.jar:5.1.10.RELEASE]
	at org.apache.catalina.core.ApplicationFilterChain.internalDoFilter(ApplicationFilterChain.java:193) ~[tomcat-embed-core-9.0.26.jar:9.0.26]
	at org.apache.catalina.core.ApplicationFilterChain.doFilter(ApplicationFilterChain.java:166) ~[tomcat-embed-core-9.0.26.jar:9.0.26]
	at org.springframework.web.filter.RequestContextFilter.doFilterInternal(RequestContextFilter.java:100) ~[spring-web-5.1.10.RELEASE.jar:5.1.10.RELEASE]
	at org.springframework.web.filter.OncePerRequestFilter.doFilter(OncePerRequestFilter.java:119) ~[spring-web-5.1.10.RELEASE.jar:5.1.10.RELEASE]
	at org.apache.catalina.core.ApplicationFilterChain.internalDoFilter(ApplicationFilterChain.java:193) ~[tomcat-embed-core-9.0.26.jar:9.0.26]
	at org.apache.catalina.core.ApplicationFilterChain.doFilter(ApplicationFilterChain.java:166) ~[tomcat-embed-core-9.0.26.jar:9.0.26]
	at org.springframework.web.filter.FormContentFilter.doFilterInternal(FormContentFilter.java:93) ~[spring-web-5.1.10.RELEASE.jar:5.1.10.RELEASE]
	at org.springframework.web.filter.OncePerRequestFilter.doFilter(OncePerRequestFilter.java:119) ~[spring-web-5.1.10.RELEASE.jar:5.1.10.RELEASE]
	at org.apache.catalina.core.ApplicationFilterChain.internalDoFilter(ApplicationFilterChain.java:193) ~[tomcat-embed-core-9.0.26.jar:9.0.26]
	at org.apache.catalina.core.ApplicationFilterChain.doFilter(ApplicationFilterChain.java:166) ~[tomcat-embed-core-9.0.26.jar:9.0.26]
	at org.springframework.web.filter.HiddenHttpMethodFilter.doFilterInternal(HiddenHttpMethodFilter.java:94) ~[spring-web-5.1.10.RELEASE.jar:5.1.10.RELEASE]
	at org.springframework.web.filter.OncePerRequestFilter.doFilter(OncePerRequestFilter.java:119) ~[spring-web-5.1.10.RELEASE.jar:5.1.10.RELEASE]
	at org.apache.catalina.core.ApplicationFilterChain.internalDoFilter(ApplicationFilterChain.java:193) ~[tomcat-embed-core-9.0.26.jar:9.0.26]
	at org.apache.catalina.core.ApplicationFilterChain.doFilter(ApplicationFilterChain.java:166) ~[tomcat-embed-core-9.0.26.jar:9.0.26]
	at org.springframework.web.filter.CharacterEncodingFilter.doFilterInternal(CharacterEncodingFilter.java:201) ~[spring-web-5.1.10.RELEASE.jar:5.1.10.RELEASE]
	at org.springframework.web.filter.OncePerRequestFilter.doFilter(OncePerRequestFilter.java:119) ~[spring-web-5.1.10.RELEASE.jar:5.1.10.RELEASE]
	at org.apache.catalina.core.ApplicationFilterChain.internalDoFilter(ApplicationFilterChain.java:193) ~[tomcat-embed-core-9.0.26.jar:9.0.26]
	at org.apache.catalina.core.ApplicationFilterChain.doFilter(ApplicationFilterChain.java:166) ~[tomcat-embed-core-9.0.26.jar:9.0.26]
	at org.apache.catalina.core.StandardWrapperValve.invoke(StandardWrapperValve.java:202) ~[tomcat-embed-core-9.0.26.jar:9.0.26]
	at org.apache.catalina.core.StandardContextValve.invoke(StandardContextValve.java:96) [tomcat-embed-core-9.0.26.jar:9.0.26]
	at org.apache.catalina.authenticator.AuthenticatorBase.invoke(AuthenticatorBase.java:526) [tomcat-embed-core-9.0.26.jar:9.0.26]
	at org.apache.catalina.core.StandardHostValve.invoke(StandardHostValve.java:139) [tomcat-embed-core-9.0.26.jar:9.0.26]
	at org.apache.catalina.valves.ErrorReportValve.invoke(ErrorReportValve.java:92) [tomcat-embed-core-9.0.26.jar:9.0.26]
	at org.apache.catalina.core.StandardEngineValve.invoke(StandardEngineValve.java:74) [tomcat-embed-core-9.0.26.jar:9.0.26]
	at org.apache.catalina.connector.CoyoteAdapter.service(CoyoteAdapter.java:343) [tomcat-embed-core-9.0.26.jar:9.0.26]
	at org.apache.coyote.http11.Http11Processor.service(Http11Processor.java:408) [tomcat-embed-core-9.0.26.jar:9.0.26]
	at org.apache.coyote.AbstractProcessorLight.process(AbstractProcessorLight.java:66) [tomcat-embed-core-9.0.26.jar:9.0.26]
	at org.apache.coyote.AbstractProtocol$ConnectionHandler.process(AbstractProtocol.java:860) [tomcat-embed-core-9.0.26.jar:9.0.26]
	at org.apache.tomcat.util.net.NioEndpoint$SocketProcessor.doRun(NioEndpoint.java:1589) [tomcat-embed-core-9.0.26.jar:9.0.26]
	at org.apache.tomcat.util.net.SocketProcessorBase.run(SocketProcessorBase.java:49) [tomcat-embed-core-9.0.26.jar:9.0.26]
	at java.util.concurrent.ThreadPoolExecutor.runWorker(ThreadPoolExecutor.java:1142) [na:1.8.0_111]
	at java.util.concurrent.ThreadPoolExecutor$Worker.run(ThreadPoolExecutor.java:617) [na:1.8.0_111]
	at org.apache.tomcat.util.threads.TaskThread$WrappingRunnable.run(TaskThread.java:61) [tomcat-embed-core-9.0.26.jar:9.0.26]
	at java.lang.Thread.run(Thread.java:745) [na:1.8.0_111]
2019-10-12 08:16:33 [http-nio-9081-exec-6] DEBUG c.c.B.controller.BRSController - In Home now
2019-10-12 08:16:42 [http-nio-9081-exec-2] DEBUG c.c.B.controller.BRSController - In Customer Home Now
2019-10-12 08:16:44 [http-nio-9081-exec-4] INFO  c.c.B.controller.BRSController - Viewing the running buses for date: null
2019-10-12 08:16:55 [http-nio-9081-exec-8] INFO  c.c.B.controller.BRSController - Booking initialized.....
2019-10-12 08:16:58 [http-nio-9081-exec-9] INFO  c.c.B.controller.BRSController - Adding passengers.....
2019-10-12 08:17:13 [http-nio-9081-exec-7] INFO  c.c.B.controller.BRSController - Passengers for a particular booking added.
2019-10-12 08:17:18 [http-nio-9081-exec-2] INFO  c.c.B.controller.BRSController - Redirecting to payment mode selection
2019-10-12 08:17:22 [http-nio-9081-exec-4] INFO  c.c.B.controller.BRSController - Confirming the payment....
2019-10-12 08:17:25 [http-nio-9081-exec-6] INFO  c.c.B.controller.BRSController - Booking for user teja has been made successfully
2019-10-12 08:17:30 [http-nio-9081-exec-7] INFO  c.c.B.controller.BRSController - Listing the list of all bookings of user teja
2019-10-12 08:18:29 [RMI TCP Connection(32)-127.0.0.1] INFO  o.s.b.a.SpringApplicationAdminMXBeanRegistrar$SpringApplicationAdmin - Application shutdown requested.
2019-10-12 08:18:29 [RMI TCP Connection(32)-127.0.0.1] INFO  o.s.s.c.ThreadPoolTaskExecutor - Shutting down ExecutorService 'applicationTaskExecutor'
2019-10-12 08:18:29 [RMI TCP Connection(32)-127.0.0.1] INFO  o.s.o.j.LocalContainerEntityManagerFactoryBean - Closing JPA EntityManagerFactory for persistence unit 'default'
2019-10-12 08:18:29 [RMI TCP Connection(32)-127.0.0.1] INFO  com.zaxxer.hikari.HikariDataSource - HikariPool-4 - Shutdown initiated...
2019-10-12 08:18:29 [RMI TCP Connection(32)-127.0.0.1] INFO  com.zaxxer.hikari.HikariDataSource - HikariPool-4 - Shutdown completed.
